Arguments: 
  /usr/bin/node /home/simon/.npm-global/lib/node_modules/yarn/bin/yarn.js install

PATH: 
  /home/simon/.local/bin:{/opt/gradle/gradle-5.1}/bin:{/usr/local/sbin:/usr/local/bin:/usr/sbin:/usr/bin:/sbin:/bin:/usr/games:/usr/local/games:/snap/bin}

Yarn version: 
  1.17.3

Node version: 
  12.7.0

Platform: 
  linux x64

Trace: 
  Error: EACCES: permission denied, mkdir '/home/simon/delivery/react/roundedCard/roundedCard/node_modules/@babel/plugin-external-helpers'

npm manifest: 
  {
    "name": "roundedCard",
    "version": "1.0.0",
    "description": "",
    "main": "node_modules/expo/AppEntry.js",
    "private": true,
    "dependencies": {
      "expo": "^34.0.3",
      "expo-constants": "^6.0.0",
      "expo-facebook": "^6.0.0",
      "expo-font": "^6.0.1",
      "react": "^16.8.3",
      "react-dom": "^16.8.6",
      "react-native": "https://github.com/expo/react-native/archive/sdk-34.0.0.tar.gz",
      "react-native-element": "^1.2.1",
      "react-native-instagram-login": "^1.1.1",
      "react-native-linkedin": "^1.3.2",
      "react-native-simple-twitter": "^2.3.0",
      "react-native-swiper": "^1.5.14"
    },
    "devDependencies": {
      "babel-preset-expo": "^6.0.0"
    },
    "scripts": {
      "test": "echo \"Error: no test specified\" && exit 1",
      "start": "expo start",
      "android": "expo start --android",
      "ios": "expo start --ios",
      "web": "expo start --web",
      "eject": "expo eject"
    },
    "keywords": [],
    "author": "",
    "license": "ISC"
  }

yarn manifest: 
  No manifest

Lockfile: 
  No lockfile
